<?xml version="1.0" encoding="UTF-8"?>
<testng-results skipped="0" failed="0" total="1" passed="1">
  <reporter-output>
  </reporter-output>
  <suite name="Default suite" duration-ms="37" started-at="2022-12-03T00:57:44Z" finished-at="2022-12-03T00:57:45Z">
    <groups>
    </groups>
    <test name="Default test" duration-ms="37" started-at="2022-12-03T00:57:44Z" finished-at="2022-12-03T00:57:45Z">
      <class name="test.bro">
        <test-method status="PASS" signature="test()[pri:0, instance:test.bro@7d907bac]" name="test" duration-ms="12" started-at="2022-12-03T01:57:45Z" finished-at="2022-12-03T01:57:45Z">
          <reporter-output>
          </reporter-output>
        </test-method> <!-- test -->
      </class> <!-- test.bro -->
    </test> <!-- Default test -->
  </suite> <!-- Default suite -->
</testng-results>
